<?xml version='1.0' encoding='UTF-8' ?>
<testsuite tests="0" failures="0" errors="0" time="0.0" timestamp="2013-10-28T19:20:43" hostname="localhost">
  <properties device="NEW_AVD_for_Galaxy_Nexus_by_Google(AVD) - 4.1.2" flavor="Main" project="KickShot" />
</testsuite>